This is pdfTeX, Version 3.141592653-2.6-1.40.24 (TeX Live 2022) (preloaded format=pdflatex 2022.6.5)  12 DEC 2022 13:22
entering extended mode
 restricted \write18 enabled.
 file:line:error style messages enabled.
 %&-line parsing enabled.
**"/Users/diegofantinelli/GitHub/LaTeX-2/1 - Scuola Template Completi/1 - Diario di bordo/1B_saluti"
(/Users/diegofantinelli/GitHub/LaTeX-2/1 - Scuola Template Completi/1 - Diario di bordo/1B_saluti.tex
LaTeX2e <2021-11-15> patch level 1
L3 programming layer <2022-02-24> (/usr/local/texlive/2022/texmf-dist/tex/latex/base/article.cls
Document Class: article 2021/10/04 v1.4n Standard LaTeX document class
(/usr/local/texlive/2022/texmf-dist/tex/latex/base/size10.clo
File: size10.clo 2021/10/04 v1.4n Standard LaTeX file (size option)
)
\c@part=\count185
\c@section=\count186
\c@subsection=\count187
\c@subsubsection=\count188
\c@paragraph=\count189
\c@subparagraph=\count190
\c@figure=\count191
\c@table=\count192
\abovecaptionskip=\skip47
\belowcaptionskip=\skip48
\bibindent=\dimen138
) (/usr/local/texlive/2022/texmf-dist/tex/latex/fancyhdr/fancyhdr.sty
Package: fancyhdr 2021/01/28 v4.0.1 Extensive control of page headers and footers
\f@nch@headwidth=\skip49
\f@nch@O@elh=\skip50
\f@nch@O@erh=\skip51
\f@nch@O@olh=\skip52
\f@nch@O@orh=\skip53
\f@nch@O@elf=\skip54
\f@nch@O@erf=\skip55
\f@nch@O@olf=\skip56
\f@nch@O@orf=\skip57
) (/usr/local/texlive/2022/texmf-dist/tex/latex/changepage/changepage.sty
Package: changepage 2009/10/20 v1.0c check page and change page layout
\c@cp@cntr=\count193
\cp@tempcnt=\count194
) (/usr/local/texlive/2022/texmf-dist/tex/latex/base/fontenc.sty
Package: fontenc 2021/04/29 v2.0v Standard LaTeX package
) (/usr/local/texlive/2022/texmf-dist/tex/latex/lm/lmodern.sty
Package: lmodern 2015/05/01 v1.6.1 Latin Modern Fonts
LaTeX Font Info:    Overwriting symbol font `operators' in version `normal'
(Font)                  OT1/cmr/m/n --> OT1/lmr/m/n on input line 22.
LaTeX Font Info:    Overwriting symbol font `letters' in version `normal'
(Font)                  OML/cmm/m/it --> OML/lmm/m/it on input line 23.
LaTeX Font Info:    Overwriting symbol font `symbols' in version `normal'
(Font)                  OMS/cmsy/m/n --> OMS/lmsy/m/n on input line 24.
LaTeX Font Info:    Overwriting symbol font `largesymbols' in version `normal'
(Font)                  OMX/cmex/m/n --> OMX/lmex/m/n on input line 25.
LaTeX Font Info:    Overwriting symbol font `operators' in version `bold'
(Font)                  OT1/cmr/bx/n --> OT1/lmr/bx/n on input line 26.
LaTeX Font Info:    Overwriting symbol font `letters' in version `bold'
(Font)                  OML/cmm/b/it --> OML/lmm/b/it on input line 27.
LaTeX Font Info:    Overwriting symbol font `symbols' in version `bold'
(Font)                  OMS/cmsy/b/n --> OMS/lmsy/b/n on input line 28.
LaTeX Font Info:    Overwriting symbol font `largesymbols' in version `bold'
(Font)                  OMX/cmex/m/n --> OMX/lmex/m/n on input line 29.
LaTeX Font Info:    Overwriting math alphabet `\mathbf' in version `normal'
(Font)                  OT1/cmr/bx/n --> OT1/lmr/bx/n on input line 31.
LaTeX Font Info:    Overwriting math alphabet `\mathsf' in version `normal'
(Font)                  OT1/cmss/m/n --> OT1/lmss/m/n on input line 32.
LaTeX Font Info:    Overwriting math alphabet `\mathit' in version `normal'
(Font)                  OT1/cmr/m/it --> OT1/lmr/m/it on input line 33.
LaTeX Font Info:    Overwriting math alphabet `\mathtt' in version `normal'
(Font)                  OT1/cmtt/m/n --> OT1/lmtt/m/n on input line 34.
LaTeX Font Info:    Overwriting math alphabet `\mathbf' in version `bold'
(Font)                  OT1/cmr/bx/n --> OT1/lmr/bx/n on input line 35.
LaTeX Font Info:    Overwriting math alphabet `\mathsf' in version `bold'
(Font)                  OT1/cmss/bx/n --> OT1/lmss/bx/n on input line 36.
LaTeX Font Info:    Overwriting math alphabet `\mathit' in version `bold'
(Font)                  OT1/cmr/bx/it --> OT1/lmr/bx/it on input line 37.
LaTeX Font Info:    Overwriting math alphabet `\mathtt' in version `bold'
(Font)                  OT1/cmtt/m/n --> OT1/lmtt/m/n on input line 38.
) (/usr/local/texlive/2022/texmf-dist/tex/generic/babel/babel.sty
Package: babel 2022/02/26 3.73 The Babel package
\babel@savecnt=\count195
\U@D=\dimen139
\l@unhyphenated=\language87
 (/usr/local/texlive/2022/texmf-dist/tex/generic/babel/txtbabel.def)
\bbl@readstream=\read2
\bbl@dirlevel=\count196
 (/usr/local/texlive/2022/texmf-dist/tex/generic/babel-italian/italian.ldf
Language: italian 2020/05/21 v.1.4.04 Italian support for the babel system
\it@lettering=\count197
\it@doublequoteactive=\count198
\it@ISOcompliance=\count199
)) (/usr/local/texlive/2022/texmf-dist/tex/latex/etoolbox/etoolbox.sty
Package: etoolbox 2020/10/05 v2.5k e-TeX tools for LaTeX (JAW)
\etb@tempcnta=\count266
) (/usr/local/texlive/2022/texmf-dist/tex/latex/epigraph/epigraph.sty
Package: epigraph 2020/01/02 v1.5e typesetting epigraphs
 (/usr/local/texlive/2022/texmf-dist/tex/latex/nextpage/nextpage.sty
Package: nextpage 2009/09/03 v1.1a additional page commands
)
\beforeepigraphskip=\skip58
\afterepigraphskip=\skip59
\epigraphwidth=\skip60
\epigraphrule=\skip61
) (/usr/local/texlive/2022/texmf-dist/tex/latex/hyperref/hyperref.sty
Package: hyperref 2022-02-21 v7.00n Hypertext links for LaTeX
 (/usr/local/texlive/2022/texmf-dist/tex/generic/ltxcmds/ltxcmds.sty
Package: ltxcmds 2020-05-10 v1.25 LaTeX kernel commands for general use (HO)
) (/usr/local/texlive/2022/texmf-dist/tex/generic/iftex/iftex.sty
Package: iftex 2022/02/03 v1.0f TeX engine tests
) (/usr/local/texlive/2022/texmf-dist/tex/generic/pdftexcmds/pdftexcmds.sty
Package: pdftexcmds 2020-06-27 v0.33 Utility functions of pdfTeX for LuaTeX (HO)
 (/usr/local/texlive/2022/texmf-dist/tex/generic/infwarerr/infwarerr.sty
Package: infwarerr 2019/12/03 v1.5 Providing info/warning/error messages (HO)
)
Package pdftexcmds Info: \pdf@primitive is available.
Package pdftexcmds Info: \pdf@ifprimitive is available.
Package pdftexcmds Info: \pdfdraftmode found.
) (/usr/local/texlive/2022/texmf-dist/tex/latex/graphics/keyval.sty
Package: keyval 2014/10/28 v1.15 key=value parser (DPC)
\KV@toks@=\toks16
) (/usr/local/texlive/2022/texmf-dist/tex/generic/kvsetkeys/kvsetkeys.sty
Package: kvsetkeys 2019/12/15 v1.18 Key value parser (HO)
) (/usr/local/texlive/2022/texmf-dist/tex/generic/kvdefinekeys/kvdefinekeys.sty
Package: kvdefinekeys 2019-12-19 v1.6 Define keys (HO)
) (/usr/local/texlive/2022/texmf-dist/tex/generic/pdfescape/pdfescape.sty
Package: pdfescape 2019/12/09 v1.15 Implements pdfTeX's escape features (HO)
) (/usr/local/texlive/2022/texmf-dist/tex/latex/hycolor/hycolor.sty
Package: hycolor 2020-01-27 v1.10 Color options for hyperref/bookmark (HO)
) (/usr/local/texlive/2022/texmf-dist/tex/latex/letltxmacro/letltxmacro.sty
Package: letltxmacro 2019/12/03 v1.6 Let assignment for LaTeX macros (HO)
) (/usr/local/texlive/2022/texmf-dist/tex/latex/auxhook/auxhook.sty
Package: auxhook 2019-12-17 v1.6 Hooks for auxiliary files (HO)
) (/usr/local/texlive/2022/texmf-dist/tex/latex/kvoptions/kvoptions.sty
Package: kvoptions 2020-10-07 v3.14 Key value format for package options (HO)
)
\@linkdim=\dimen140
\Hy@linkcounter=\count267
\Hy@pagecounter=\count268
 (/usr/local/texlive/2022/texmf-dist/tex/latex/hyperref/pd1enc.def
File: pd1enc.def 2022-02-21 v7.00n Hyperref: PDFDocEncoding definition (HO)
Now handling font encoding PD1 ...
... no UTF-8 mapping file for font encoding PD1
) (/usr/local/texlive/2022/texmf-dist/tex/generic/intcalc/intcalc.sty
Package: intcalc 2019/12/15 v1.3 Expandable calculations with integers (HO)
) (/usr/local/texlive/2022/texmf-dist/tex/generic/etexcmds/etexcmds.sty
Package: etexcmds 2019/12/15 v1.7 Avoid name clashes with e-TeX commands (HO)
)
\Hy@SavedSpaceFactor=\count269
 (/usr/local/texlive/2022/texmf-dist/tex/latex/hyperref/puenc.def
File: puenc.def 2022-02-21 v7.00n Hyperref: PDF Unicode definition (HO)
Now handling font encoding PU ...
... no UTF-8 mapping file for font encoding PU
)
Package hyperref Info: Hyper figures OFF on input line 4137.
Package hyperref Info: Link nesting OFF on input line 4142.
Package hyperref Info: Hyper index ON on input line 4145.
Package hyperref Info: Plain pages OFF on input line 4152.
Package hyperref Info: Backreferencing OFF on input line 4157.
Package hyperref Info: Implicit mode ON; LaTeX internals redefined.
Package hyperref Info: Bookmarks ON on input line 4390.
\c@Hy@tempcnt=\count270
 (/usr/local/texlive/2022/texmf-dist/tex/latex/url/url.sty
\Urlmuskip=\muskip16
Package: url 2013/09/16  ver 3.4  Verb mode for urls, etc.
)
LaTeX Info: Redefining \url on input line 4749.
\XeTeXLinkMargin=\dimen141
 (/usr/local/texlive/2022/texmf-dist/tex/generic/bitset/bitset.sty
Package: bitset 2019/12/09 v1.3 Handle bit-vector datatype (HO)
 (/usr/local/texlive/2022/texmf-dist/tex/generic/bigintcalc/bigintcalc.sty
Package: bigintcalc 2019/12/15 v1.5 Expandable calculations on big integers (HO)
))
\Fld@menulength=\count271
\Field@Width=\dimen142
\Fld@charsize=\dimen143
Package hyperref Info: Hyper figures OFF on input line 6027.
Package hyperref Info: Link nesting OFF on input line 6032.
Package hyperref Info: Hyper index ON on input line 6035.
Package hyperref Info: backreferencing OFF on input line 6042.
Package hyperref Info: Link coloring OFF on input line 6047.
Package hyperref Info: Link coloring with OCG OFF on input line 6052.
Package hyperref Info: PDF/A mode OFF on input line 6057.
LaTeX Info: Redefining \ref on input line 6097.
LaTeX Info: Redefining \pageref on input line 6101.
 (/usr/local/texlive/2022/texmf-dist/tex/latex/base/atbegshi-ltx.sty
Package: atbegshi-ltx 2021/01/10 v1.0c Emulation of the original atbegshi
package with kernel methods
)
\Hy@abspage=\count272
\c@Item=\count273
\c@Hfootnote=\count274
)
Package hyperref Info: Driver (autodetected): hpdftex.
 (/usr/local/texlive/2022/texmf-dist/tex/latex/hyperref/hpdftex.def
File: hpdftex.def 2022-02-21 v7.00n Hyperref driver for pdfTeX
 (/usr/local/texlive/2022/texmf-dist/tex/latex/base/atveryend-ltx.sty
Package: atveryend-ltx 2020/08/19 v1.0a Emulation of the original atveryend package
with kernel methods
)
\Fld@listcount=\count275
\c@bookmark@seq@number=\count276
 (/usr/local/texlive/2022/texmf-dist/tex/latex/rerunfilecheck/rerunfilecheck.sty
Package: rerunfilecheck 2019/12/05 v1.9 Rerun checks for auxiliary files (HO)
 (/usr/local/texlive/2022/texmf-dist/tex/generic/uniquecounter/uniquecounter.sty
Package: uniquecounter 2019/12/15 v1.4 Provide unlimited unique counter (HO)
)
Package uniquecounter Info: New unique counter `rerunfilecheck' on input line 286.
)
\Hy@SectionHShift=\skip62
)
Package hyperref Info: Option `colorlinks' set `true' on input line 17.
 (/usr/local/texlive/2022/texmf-dist/tex/latex/setspace/setspace.sty
Package: setspace 2011/12/19 v6.7a set line spacing
) (/usr/local/texlive/2022/texmf-dist/tex/latex/quoting/quoting.sty
Package: quoting 2014/01/28 v0.1c Consolidated environment for displayed text
\quo@toppartop=\skip63
)
LaTeX Font Info:    Trying to load font information for T1+lmr on input line 28.
 (/usr/local/texlive/2022/texmf-dist/tex/latex/lm/t1lmr.fd
File: t1lmr.fd 2015/05/01 v1.6.1 Font defs for Latin Modern
) (/usr/local/texlive/2022/texmf-dist/tex/latex/l3backend/l3backend-pdftex.def
File: l3backend-pdftex.def 2022-02-07 L3 backend support: PDF output (pdfTeX)
\l__color_backend_stack_int=\count277
\l__pdf_internal_box=\box50
)
No file 1B_saluti.aux.
\openout1 = `1B_saluti.aux'.

LaTeX Font Info:    Checking defaults for OML/cmm/m/it on input line 28.
LaTeX Font Info:    ... okay on input line 28.
LaTeX Font Info:    Checking defaults for OMS/cmsy/m/n on input line 28.
LaTeX Font Info:    ... okay on input line 28.
LaTeX Font Info:    Checking defaults for OT1/cmr/m/n on input line 28.
LaTeX Font Info:    ... okay on input line 28.
LaTeX Font Info:    Checking defaults for T1/cmr/m/n on input line 28.
LaTeX Font Info:    ... okay on input line 28.
LaTeX Font Info:    Checking defaults for TS1/cmr/m/n on input line 28.
LaTeX Font Info:    ... okay on input line 28.
LaTeX Font Info:    Checking defaults for OMX/cmex/m/n on input line 28.
LaTeX Font Info:    ... okay on input line 28.
LaTeX Font Info:    Checking defaults for U/cmr/m/n on input line 28.
LaTeX Font Info:    ... okay on input line 28.
LaTeX Font Info:    Checking defaults for PD1/pdf/m/n on input line 28.
LaTeX Font Info:    ... okay on input line 28.
LaTeX Font Info:    Checking defaults for PU/pdf/m/n on input line 28.
LaTeX Font Info:    ... okay on input line 28.
LaTeX Info: Redefining \it@ocap on input line 28.
LaTeX Info: Redefining \it@ccap on input line 28.
(/usr/local/texlive/2022/texmf-dist/tex/latex/graphics/color.sty
Package: color 2021/12/07 v1.3c Standard LaTeX Color (DPC)
 (/usr/local/texlive/2022/texmf-dist/tex/latex/graphics-cfg/color.cfg
File: color.cfg 2016/01/02 v1.6 sample color configuration
)
Package color Info: Driver file: pdftex.def on input line 149.
 (/usr/local/texlive/2022/texmf-dist/tex/latex/graphics-def/pdftex.def
File: pdftex.def 2020/10/05 v1.2a Graphics/color driver for pdftex
 (/usr/local/texlive/2022/texmf-dist/tex/context/base/mkii/supp-pdf.mkii
[Loading MPS to PDF converter (version 2006.09.02).]
\scratchcounter=\count278
\scratchdimen=\dimen144
\scratchbox=\box51
\nofMPsegments=\count279
\nofMParguments=\count280
\everyMPshowfont=\toks17
\MPscratchCnt=\count281
\MPscratchDim=\dimen145
\MPnumerator=\count282
\makeMPintoPDFobject=\count283
\everyMPtoPDFconversion=\toks18
)))
Package hyperref Info: Link coloring ON on input line 28.
 (/usr/local/texlive/2022/texmf-dist/tex/latex/hyperref/nameref.sty
Package: nameref 2021-04-02 v2.47 Cross-referencing by name of section
 (/usr/local/texlive/2022/texmf-dist/tex/latex/refcount/refcount.sty
Package: refcount 2019/12/15 v3.6 Data extraction from label references (HO)
) (/usr/local/texlive/2022/texmf-dist/tex/generic/gettitlestring/gettitlestring.sty
Package: gettitlestring 2019/12/15 v1.6 Cleanup title references (HO)
)
\c@section@level=\count284
)
LaTeX Info: Redefining \ref on input line 28.
LaTeX Info: Redefining \pageref on input line 28.
LaTeX Info: Redefining \nameref on input line 28.
\@outlinefile=\write3
\openout3 = `1B_saluti.out'.


Underfull \hbox (badness 10000) in paragraph at lines 31--33

 []


/Users/diegofantinelli/GitHub/LaTeX-2/1 - Scuola Template Completi/1 - Diario di bordo/1B_saluti.tex:36: LaTeX Error: Unicode character ï¿½ (U+FFFD)
               not set up for use with LaTeX.

See the LaTeX manual or LaTeX Companion for explanation.
Type  H <return>  for immediate help.
 ...                                              
                                                  
l.36 ...paio di righe per comunicarvi che, ahimï¿½
                                                  , quest'anno non sarï¿½ io...
You may provide a definition with
\DeclareUnicodeCharacter 


/Users/diegofantinelli/GitHub/LaTeX-2/1 - Scuola Template Completi/1 - Diario di bordo/1B_saluti.tex:36: LaTeX Error: Unicode character ï¿½ (U+FFFD)
               not set up for use with LaTeX.

See the LaTeX manual or LaTeX Companion for explanation.
Type  H <return>  for immediate help.
 ...                                              
                                                  
l.36 ...icarvi che, ahimï¿½, quest'anno non sarï¿½
                                                   io il vostro prof. di mat...
You may provide a definition with
\DeclareUnicodeCharacter 


/Users/diegofantinelli/GitHub/LaTeX-2/1 - Scuola Template Completi/1 - Diario di bordo/1B_saluti.tex:38: LaTeX Error: Unicode character ï¿½ (U+FFFD)
               not set up for use with LaTeX.

See the LaTeX manual or LaTeX Companion for explanation.
Type  H <return>  for immediate help.
 ...                                              
                                                  
l.38 Ho fatto tutto ciï¿½
                          che era legalmente possibile per tornare ad Asiago...
You may provide a definition with
\DeclareUnicodeCharacter 


/Users/diegofantinelli/GitHub/LaTeX-2/1 - Scuola Template Completi/1 - Diario di bordo/1B_saluti.tex:40: LaTeX Error: Unicode character ï¿½ (U+FFFD)
               not set up for use with LaTeX.

See the LaTeX manual or LaTeX Companion for explanation.
Type  H <return>  for immediate help.
 ...                                              
                                                  
l.40 Vi basti sapere che quest'anno insegnerï¿½
                                                {\em Maths by Night}: sarï¿½...
You may provide a definition with
\DeclareUnicodeCharacter 


/Users/diegofantinelli/GitHub/LaTeX-2/1 - Scuola Template Completi/1 - Diario di bordo/1B_saluti.tex:40: LaTeX Error: Unicode character ï¿½ (U+FFFD)
               not set up for use with LaTeX.

See the LaTeX manual or LaTeX Companion for explanation.
Type  H <return>  for immediate help.
 ...                                              
                                                  
l.40 ...o insegnerï¿½ {\em Maths by Night}: sarï¿½
                                                   infatti in un Istituto Pr...
You may provide a definition with
\DeclareUnicodeCharacter 


/Users/diegofantinelli/GitHub/LaTeX-2/1 - Scuola Template Completi/1 - Diario di bordo/1B_saluti.tex:40: LaTeX Error: Unicode character ï¿½ (U+FFFD)
               not set up for use with LaTeX.

See the LaTeX manual or LaTeX Companion for explanation.
Type  H <return>  for immediate help.
 ...                                              
                                                  
l.40 ...atematica ai Corsi Serali; pensate, avrï¿½
                                                   ben 2 (DUE) classi, entra...
You may provide a definition with
\DeclareUnicodeCharacter 


/Users/diegofantinelli/GitHub/LaTeX-2/1 - Scuola Template Completi/1 - Diario di bordo/1B_saluti.tex:41: LaTeX Error: Unicode character ï¿½ (U+FFFD)
               not set up for use with LaTeX.

See the LaTeX manual or LaTeX Companion for explanation.
Type  H <return>  for immediate help.
 ...                                              
                                                  
l.41 La vivrï¿½
                come una sorta di punizione, di Karma, per essermi permesso ...
You may provide a definition with
\DeclareUnicodeCharacter 


/Users/diegofantinelli/GitHub/LaTeX-2/1 - Scuola Template Completi/1 - Diario di bordo/1B_saluti.tex:41: LaTeX Error: Unicode character ï¿½ (U+FFFD)
               not set up for use with LaTeX.

See the LaTeX manual or LaTeX Companion for explanation.
Type  H <return>  for immediate help.
 ...                                              
                                                  
l.41 ...esso di scherzare con Paolino Ruffini: ï¿½
                                                   stramaledettamente permal...
You may provide a definition with
\DeclareUnicodeCharacter 


/Users/diegofantinelli/GitHub/LaTeX-2/1 - Scuola Template Completi/1 - Diario di bordo/1B_saluti.tex:41: LaTeX Error: Unicode character ï¿½ (U+FFFD)
               not set up for use with LaTeX.

See the LaTeX manual or LaTeX Companion for explanation.
Type  H <return>  for immediate help.
 ...                                              
                                                  
l.41 ...tramaledettamente permaloso!\\ Ora dovrï¿½
                                                   sorbirmi le sue "fattoriz...
You may provide a definition with
\DeclareUnicodeCharacter 


/Users/diegofantinelli/GitHub/LaTeX-2/1 - Scuola Template Completi/1 - Diario di bordo/1B_saluti.tex:43: LaTeX Error: Unicode character ï¿½ (U+FFFD)
               not set up for use with LaTeX.

See the LaTeX manual or LaTeX Companion for explanation.
Type  H <return>  for immediate help.
 ...                                              
                                                  
l.43 ...he non l'ho presa benissimo; mi ci vorrï¿½
                                                   un po' per ingoiare quest...
You may provide a definition with
\DeclareUnicodeCharacter 


/Users/diegofantinelli/GitHub/LaTeX-2/1 - Scuola Template Completi/1 - Diario di bordo/1B_saluti.tex:51: LaTeX Error: Unicode character ï¿½ (U+FFFD)
               not set up for use with LaTeX.

See the LaTeX manual or LaTeX Companion for explanation.
Type  H <return>  for immediate help.
 ...                                              
                                                  
l.51 ...n Amazon Prime uno scatolone di Felicitï¿½
                                                  : in realtï¿½ l'ho giï¿½ m...
You may provide a definition with
\DeclareUnicodeCharacter 


/Users/diegofantinelli/GitHub/LaTeX-2/1 - Scuola Template Completi/1 - Diario di bordo/1B_saluti.tex:51: LaTeX Error: Unicode character ï¿½ (U+FFFD)
               not set up for use with LaTeX.

See the LaTeX manual or LaTeX Companion for explanation.
Type  H <return>  for immediate help.
 ...                                              
                                                  
l.51 ...e uno scatolone di Felicitï¿½: in realtï¿½
                                                   l'ho giï¿½ messa nel carr...
You may provide a definition with
\DeclareUnicodeCharacter 


/Users/diegofantinelli/GitHub/LaTeX-2/1 - Scuola Template Completi/1 - Diario di bordo/1B_saluti.tex:51: LaTeX Error: Unicode character ï¿½ (U+FFFD)
               not set up for use with LaTeX.

See the LaTeX manual or LaTeX Companion for explanation.
Type  H <return>  for immediate help.
 ...                                              
                                                  
l.51 ...lone di Felicitï¿½: in realtï¿½ l'ho giï¿½
                                                   messa nel carrello, ma al...
You may provide a definition with
\DeclareUnicodeCharacter 


/Users/diegofantinelli/GitHub/LaTeX-2/1 - Scuola Template Completi/1 - Diario di bordo/1B_saluti.tex:51: LaTeX Error: Unicode character ï¿½ (U+FFFD)
               not set up for use with LaTeX.

See the LaTeX manual or LaTeX Companion for explanation.
Type  H <return>  for immediate help.
 ...                                              
                                                  
l.51 ... messa nel carrello, ma al momento non ï¿½
                                                   disponibile, pertanto vi ...
You may provide a definition with
\DeclareUnicodeCharacter 


/Users/diegofantinelli/GitHub/LaTeX-2/1 - Scuola Template Completi/1 - Diario di bordo/1B_saluti.tex:51: LaTeX Error: Unicode character ï¿½ (U+FFFD)
               not set up for use with LaTeX.

See the LaTeX manual or LaTeX Companion for explanation.
Type  H <return>  for immediate help.
 ...                                              
                                                  
l.51 ... matematica}, che esiste veramente, cioï¿½
                                                   vera-veramente c'ï¿½ stat...
You may provide a definition with
\DeclareUnicodeCharacter 


/Users/diegofantinelli/GitHub/LaTeX-2/1 - Scuola Template Completi/1 - Diario di bordo/1B_saluti.tex:51: LaTeX Error: Unicode character ï¿½ (U+FFFD)
               not set up for use with LaTeX.

See the LaTeX manual or LaTeX Companion for explanation.
Type  H <return>  for immediate help.
 ...                                              
                                                  
l.51 ...ste veramente, cioï¿½ vera-veramente c'ï¿½
                                                   stato qualcuno (piï¿½ di ...
You may provide a definition with
\DeclareUnicodeCharacter 


/Users/diegofantinelli/GitHub/LaTeX-2/1 - Scuola Template Completi/1 - Diario di bordo/1B_saluti.tex:51: LaTeX Error: Unicode character ï¿½ (U+FFFD)
               not set up for use with LaTeX.

See the LaTeX manual or LaTeX Companion for explanation.
Type  H <return>  for immediate help.
 ...                                              
                                                  
l.51 ...vera-veramente c'ï¿½ stato qualcuno (piï¿½
                                                   di uno in realtï¿½ \dots)...
You may provide a definition with
\DeclareUnicodeCharacter 


/Users/diegofantinelli/GitHub/LaTeX-2/1 - Scuola Template Completi/1 - Diario di bordo/1B_saluti.tex:51: LaTeX Error: Unicode character ï¿½ (U+FFFD)
               not set up for use with LaTeX.

See the LaTeX manual or LaTeX Companion for explanation.
Type  H <return>  for immediate help.
 ...                                              
                                                  
l.51 ...½ stato qualcuno (piï¿½ di uno in realtï¿½
                                                   \dots) che ha sprecato te...
You may provide a definition with
\DeclareUnicodeCharacter 


/Users/diegofantinelli/GitHub/LaTeX-2/1 - Scuola Template Completi/1 - Diario di bordo/1B_saluti.tex:52: LaTeX Error: Unicode character ï¿½ (U+FFFD)
               not set up for use with LaTeX.

See the LaTeX manual or LaTeX Companion for explanation.
Type  H <return>  for immediate help.
 ...                                              
                                                  
l.52 {\em People are so weird!}. (traduzione: ï¿½
                                                  pieno di scemi lï¿½ fuori!...
You may provide a definition with
\DeclareUnicodeCharacter 


/Users/diegofantinelli/GitHub/LaTeX-2/1 - Scuola Template Completi/1 - Diario di bordo/1B_saluti.tex:52: LaTeX Error: Unicode character ï¿½ (U+FFFD)
               not set up for use with LaTeX.

See the LaTeX manual or LaTeX Companion for explanation.
Type  H <return>  for immediate help.
 ...                                              
                                                  
l.52 ...rd!}. (traduzione: ï¿½ pieno di scemi lï¿½
                                                   fuori!).\\
You may provide a definition with
\DeclareUnicodeCharacter 


Underfull \hbox (badness 10000) in paragraph at lines 51--53

 []


/Users/diegofantinelli/GitHub/LaTeX-2/1 - Scuola Template Completi/1 - Diario di bordo/1B_saluti.tex:54: LaTeX Error: Unicode character ï¿½ (U+FFFD)
               not set up for use with LaTeX.

See the LaTeX manual or LaTeX Companion for explanation.
Type  H <return>  for immediate help.
 ...                                              
                                                  
l.54 Vi servirï¿½
                  a ricordare che le emozioni presentano un grado di comples...
You may provide a definition with
\DeclareUnicodeCharacter 


/Users/diegofantinelli/GitHub/LaTeX-2/1 - Scuola Template Completi/1 - Diario di bordo/1B_saluti.tex:54: LaTeX Error: Unicode character ï¿½ (U+FFFD)
               not set up for use with LaTeX.

See the LaTeX manual or LaTeX Companion for explanation.
Type  H <return>  for immediate help.
 ...                                              
                                                  
l.54 ...zioni presentano un grado di complessitï¿½
                                                   elevatissimo, a causa del...
You may provide a definition with
\DeclareUnicodeCharacter 


/Users/diegofantinelli/GitHub/LaTeX-2/1 - Scuola Template Completi/1 - Diario di bordo/1B_saluti.tex:55: LaTeX Error: Unicode character ï¿½ (U+FFFD)
               not set up for use with LaTeX.

See the LaTeX manual or LaTeX Companion for explanation.
Type  H <return>  for immediate help.
 ...                                              
                                                  
l.55 E' cosï¿½
               fratellï¿½!
You may provide a definition with
\DeclareUnicodeCharacter 


/Users/diegofantinelli/GitHub/LaTeX-2/1 - Scuola Template Completi/1 - Diario di bordo/1B_saluti.tex:55: LaTeX Error: Unicode character ï¿½ (U+FFFD)
               not set up for use with LaTeX.

See the LaTeX manual or LaTeX Companion for explanation.
Type  H <return>  for immediate help.
 ...                                              
                                                  
l.55 E' cosï¿½ fratellï¿½
                         !
You may provide a definition with
\DeclareUnicodeCharacter 

[1

{/usr/local/texlive/2022/texmf-var/fonts/map/pdftex/updmap/pdftex.map}]
LaTeX Font Info:    Trying to load font information for OT1+lmr on input line 57.
 (/usr/local/texlive/2022/texmf-dist/tex/latex/lm/ot1lmr.fd
File: ot1lmr.fd 2015/05/01 v1.6.1 Font defs for Latin Modern
)
LaTeX Font Info:    Trying to load font information for OML+lmm on input line 57.
 (/usr/local/texlive/2022/texmf-dist/tex/latex/lm/omllmm.fd
File: omllmm.fd 2015/05/01 v1.6.1 Font defs for Latin Modern
)
LaTeX Font Info:    Trying to load font information for OMS+lmsy on input line 57.
 (/usr/local/texlive/2022/texmf-dist/tex/latex/lm/omslmsy.fd
File: omslmsy.fd 2015/05/01 v1.6.1 Font defs for Latin Modern
)
LaTeX Font Info:    Trying to load font information for OMX+lmex on input line 57.
 (/usr/local/texlive/2022/texmf-dist/tex/latex/lm/omxlmex.fd
File: omxlmex.fd 2015/05/01 v1.6.1 Font defs for Latin Modern
)
LaTeX Font Info:    External font `lmex10' loaded for size
(Font)              <10> on input line 57.
LaTeX Font Info:    External font `lmex10' loaded for size
(Font)              <7> on input line 57.
LaTeX Font Info:    External font `lmex10' loaded for size
(Font)              <5> on input line 57.


/Users/diegofantinelli/GitHub/LaTeX-2/1 - Scuola Template Completi/1 - Diario di bordo/1B_saluti.tex:59: LaTeX Error: Unicode character ï¿½ (U+FFFD)
               not set up for use with LaTeX.

See the LaTeX manual or LaTeX Companion for explanation.
Type  H <return>  for immediate help.
 ...                                              
                                                  
l.59 ...{\textbf{\small Formula della Felicitï¿½:}
                                                   {\em La felicitï¿½ ï¿½ fu...
You may provide a definition with
\DeclareUnicodeCharacter 


/Users/diegofantinelli/GitHub/LaTeX-2/1 - Scuola Template Completi/1 - Diario di bordo/1B_saluti.tex:59: LaTeX Error: Unicode character ï¿½ (U+FFFD)
               not set up for use with LaTeX.

See the LaTeX manual or LaTeX Companion for explanation.
Type  H <return>  for immediate help.
 ...                                              
                                                  
l.59 ...mula della Felicitï¿½:} {\em La felicitï¿½
                                                   ï¿½ funzione del tempo $t...
You may provide a definition with
\DeclareUnicodeCharacter 


/Users/diegofantinelli/GitHub/LaTeX-2/1 - Scuola Template Completi/1 - Diario di bordo/1B_saluti.tex:59: LaTeX Error: Unicode character ï¿½ (U+FFFD)
               not set up for use with LaTeX.

See the LaTeX manual or LaTeX Companion for explanation.
Type  H <return>  for immediate help.
 ...                                              
                                                  
l.59 ... della Felicitï¿½:} {\em La felicitï¿½ ï¿½
                                                   funzione del tempo $t$; $...
You may provide a definition with
\DeclareUnicodeCharacter 

LaTeX Font Info:    External font `lmex10' loaded for size
(Font)              <9> on input line 59.
LaTeX Font Info:    External font `lmex10' loaded for size
(Font)              <6> on input line 59.

/Users/diegofantinelli/GitHub/LaTeX-2/1 - Scuola Template Completi/1 - Diario di bordo/1B_saluti.tex:59: LaTeX Error: Unicode character ï¿½ (U+FFFD)
               not set up for use with LaTeX.

See the LaTeX manual or LaTeX Companion for explanation.
Type  H <return>  for immediate help.
 ...                                              
                                                  
l.59 ...a dei diversi tipi di eventi; $\gamma$ ï¿½
                                                   un "forgetting factor" (f...
You may provide a definition with
\DeclareUnicodeCharacter 


/Users/diegofantinelli/GitHub/LaTeX-2/1 - Scuola Template Completi/1 - Diario di bordo/1B_saluti.tex:59: LaTeX Error: Unicode character ï¿½ (U+FFFD)
               not set up for use with LaTeX.

See the LaTeX manual or LaTeX Companion for explanation.
Type  H <return>  for immediate help.
 ...                                              
                                                  
l.59 ...do) che rende gli eventi degli studi piï¿½
                                                   recenti piï¿½ influenti r...
You may provide a definition with
\DeclareUnicodeCharacter 


/Users/diegofantinelli/GitHub/LaTeX-2/1 - Scuola Template Completi/1 - Diario di bordo/1B_saluti.tex:59: LaTeX Error: Unicode character ï¿½ (U+FFFD)
               not set up for use with LaTeX.

See the LaTeX manual or LaTeX Companion for explanation.
Type  H <return>  for immediate help.
 ...                                              
                                                  
l.59 ...gli eventi degli studi piï¿½ recenti piï¿½
                                                   influenti rispetto a quel...
You may provide a definition with
\DeclareUnicodeCharacter 


/Users/diegofantinelli/GitHub/LaTeX-2/1 - Scuola Template Completi/1 - Diario di bordo/1B_saluti.tex:59: LaTeX Error: Unicode character ï¿½ (U+FFFD)
               not set up for use with LaTeX.

See the LaTeX manual or LaTeX Companion for explanation.
Type  H <return>  for immediate help.
 ...                                              
                                                  
l.59 ...ti rispetto a quelli precedenti; $CRj$ ï¿½
                                                   la gratificazione ottenut...
You may provide a definition with
\DeclareUnicodeCharacter 


/Users/diegofantinelli/GitHub/LaTeX-2/1 - Scuola Template Completi/1 - Diario di bordo/1B_saluti.tex:59: LaTeX Error: Unicode character ï¿½ (U+FFFD)
               not set up for use with LaTeX.

See the LaTeX manual or LaTeX Companion for explanation.
Type  H <return>  for immediate help.
 ...                                              
                                                  
l.59 ...dalla scelta su un processo $j$; $EVj$ ï¿½
                                                   la valutazione del rischi...
You may provide a definition with
\DeclareUnicodeCharacter 


/Users/diegofantinelli/GitHub/LaTeX-2/1 - Scuola Template Completi/1 - Diario di bordo/1B_saluti.tex:60: LaTeX Error: Unicode character ï¿½ (U+FFFD)
               not set up for use with LaTeX.

See the LaTeX manual or LaTeX Companion for explanation.
Type  H <return>  for immediate help.
 ...                                              
                                                  
l.60 ...lo spiega le fluttuazioni della felicitï¿½
                                                   momento dopo momento, met...
You may provide a definition with
\DeclareUnicodeCharacter 


/Users/diegofantinelli/GitHub/LaTeX-2/1 - Scuola Template Completi/1 - Diario di bordo/1B_saluti.tex:60: LaTeX Error: Unicode character ï¿½ (U+FFFD)
               not set up for use with LaTeX.

See the LaTeX manual or LaTeX Companion for explanation.
Type  H <return>  for immediate help.
 ...                                              
                                                  
l.60 ...cente sia valutato da ogni individuo piï¿½
                                                   importante di uno precede...
You may provide a definition with
\DeclareUnicodeCharacter 


/Users/diegofantinelli/GitHub/LaTeX-2/1 - Scuola Template Completi/1 - Diario di bordo/1B_saluti.tex:61: LaTeX Error: Unicode character ï¿½ (U+FFFD)
               not set up for use with LaTeX.

See the LaTeX manual or LaTeX Companion for explanation.
Type  H <return>  for immediate help.
 ...                                              
                                                  
l.61 Inoltre, fattore veramente rilevante ï¿½
                                              l'aspettativa: solitamente ten...
You may provide a definition with
\DeclareUnicodeCharacter 


/Users/diegofantinelli/GitHub/LaTeX-2/1 - Scuola Template Completi/1 - Diario di bordo/1B_saluti.tex:61: LaTeX Error: Unicode character ï¿½ (U+FFFD)
               not set up for use with LaTeX.

See the LaTeX manual or LaTeX Companion for explanation.
Type  H <return>  for immediate help.
 ...                                              
                                                  
l.61 ...amo delusi in quanto l'avvenimento non ï¿½
                                                   all'altezza di ciï¿½ che ...
You may provide a definition with
\DeclareUnicodeCharacter 


/Users/diegofantinelli/GitHub/LaTeX-2/1 - Scuola Template Completi/1 - Diario di bordo/1B_saluti.tex:61: LaTeX Error: Unicode character ï¿½ (U+FFFD)
               not set up for use with LaTeX.

See the LaTeX manual or LaTeX Companion for explanation.
Type  H <return>  for immediate help.
 ...                                              
                                                  
l.61 ...l'avvenimento non ï¿½ all'altezza di ciï¿½
                                                   che avevamo immaginato.}}
You may provide a definition with
\DeclareUnicodeCharacter 


/Users/diegofantinelli/GitHub/LaTeX-2/1 - Scuola Template Completi/1 - Diario di bordo/1B_saluti.tex:65: LaTeX Error: Unicode character ï¿½ (U+FFFD)
               not set up for use with LaTeX.

See the LaTeX manual or LaTeX Companion for explanation.
Type  H <return>  for immediate help.
 ...                                              
                                                  
l.65 ...utti, ma proprio tutti, uno ad uno, cosï¿½
                                                   non si creano assembramen...
You may provide a definition with
\DeclareUnicodeCharacter 


Underfull \hbox (badness 10000) in paragraph at lines 65--66

 []


Underfull \hbox (badness 10000) in paragraph at lines 67--68

 []


/Users/diegofantinelli/GitHub/LaTeX-2/1 - Scuola Template Completi/1 - Diario di bordo/1B_saluti.tex:73: LaTeX Error: Unicode character ï¿½ (U+FFFD)
               not set up for use with LaTeX.

See the LaTeX manual or LaTeX Companion for explanation.
Type  H <return>  for immediate help.
 ...                                              
                                                  
l.73 ... Alighieri, \\ Divina Commedia - Canto V}}
                                                  
You may provide a definition with
\DeclareUnicodeCharacter 

[2] (/Users/diegofantinelli/GitHub/LaTeX-2/1 - Scuola Template Completi/1 - Diario di bordo/1B_saluti.aux)

Package rerunfilecheck Warning: File `1B_saluti.out' has changed.
(rerunfilecheck)                Rerun to get outlines right
(rerunfilecheck)                or use package `bookmark'.

Package rerunfilecheck Info: Checksums for `1B_saluti.out':
(rerunfilecheck)             Before: <no file>
(rerunfilecheck)             After:  D41D8CD98F00B204E9800998ECF8427E;0.
 ) 
Here is how much of TeX's memory you used:
 9869 strings out of 478268
 157591 string characters out of 5846348
 463674 words of memory out of 5000000
 27951 multiletter control sequences out of 15000+600000
 510009 words of font info for 51 fonts, out of 8000000 for 9000
 1141 hyphenation exceptions out of 8191
 60i,6n,63p,726b,334s stack positions out of 10000i,1000n,20000p,200000b,200000s
{/usr/local/texlive/2022/texmf-dist/fonts/enc/dvips/lm/lm-ec.enc}{/usr/local/texlive/2022/texmf-dist/fonts/enc/dvips/lm/lm-rm.enc}{/usr/local/texlive/2022/texmf-dist/fonts/enc/dvips/lm/lm-mathit.enc}{/usr/local/texlive/2022/texmf-dist/fonts/enc/dvips/lm/lm-mathsy.enc}{/usr/local/texlive/2022/texmf-dist/fonts/enc/dvips/lm/lm-mathex.enc}</usr/local/texlive/2022/texmf-dist/fonts/type1/public/lm/lmbx9.pfb></usr/local/texlive/2022/texmf-dist/fonts/type1/public/lm/lmbxi10.pfb></usr/local/texlive/2022/texmf-dist/fonts/type1/public/lm/lmex10.pfb></usr/local/texlive/2022/texmf-dist/fonts/type1/public/lm/lmmi10.pfb></usr/local/texlive/2022/texmf-dist/fonts/type1/public/lm/lmmi7.pfb></usr/local/texlive/2022/texmf-dist/fonts/type1/public/lm/lmmi9.pfb></usr/local/texlive/2022/texmf-dist/fonts/type1/public/lm/lmr10.pfb></usr/local/texlive/2022/texmf-dist/fonts/type1/public/lm/lmr6.pfb></usr/local/texlive/2022/texmf-dist/fonts/type1/public/lm/lmr7.pfb></usr/local/texlive/2022/texmf-dist/fonts/type1/public/lm/lmr9.pfb></usr/local/texlive/2022/texmf-dist/fonts/type1/public/lm/lmri10.pfb></usr/local/texlive/2022/texmf-dist/fonts/type1/public/lm/lmri9.pfb></usr/local/texlive/2022/texmf-dist/fonts/type1/public/lm/lmsy10.pfb></usr/local/texlive/2022/texmf-dist/fonts/type1/public/lm/lmsy7.pfb>
Output written on "/Users/diegofantinelli/GitHub/LaTeX-2/1 - Scuola Template Completi/1 - Diario di bordo/1B_saluti.pdf" (2 pages, 205717 bytes).
PDF statistics:
 95 PDF objects out of 1000 (max. 8388607)
 61 compressed objects within 1 object stream
 3 named destinations out of 1000 (max. 500000)
 1 words of extra memory for PDF output out of 10000 (max. 10000000)

